[0.039s] Invoking command in '/home/izeyros/chapt7/chapt7_ws/src/build/fishbot_description': CMAKE_PREFIX_PATH=/opt/ros/humble /usr/bin/cmake /home/izeyros/chapt7/chapt7_ws/src/fishbot_description -DCMAKE_INSTALL_PREFIX=/home/izeyros/chapt7/chapt7_ws/src/install/fishbot_description
[0.470s] -- The C compiler identification is GNU 11.4.0
[1.118s] -- The CXX compiler identification is GNU 11.4.0
[1.145s] -- Detecting C compiler ABI info
[1.262s] -- Detecting C compiler ABI info - done
[1.269s] -- Check for working C compiler: /usr/bin/cc - skipped
[1.272s] -- Detecting C compile features
[1.274s] -- Detecting C compile features - done
[1.279s] -- Detecting CXX compiler ABI info
[1.407s] -- Detecting CXX compiler ABI info - done
[1.414s] -- Check for working CXX compiler: /usr/bin/c++ - skipped
[1.414s] -- Detecting CXX compile features
[1.414s] -- Detecting CXX compile features - done
[1.437s] -- Found ament_cmake: 1.3.12 (/opt/ros/humble/share/ament_cmake/cmake)
[1.631s] -- Found Python3: /usr/bin/python3 (found version "3.10.12") found components: Interpreter 
[1.809s] -- Found ament_lint_auto: 0.12.14 (/opt/ros/humble/share/ament_lint_auto/cmake)
[1.919s] -- Added test 'flake8' to check Python code syntax and style conventions
[1.919s] -- Added test 'lint_cmake' to check CMake code style
[1.919s] -- Added test 'pep257' to check Python code against some of the docstring style conventions in PEP 257
[1.924s] -- Added test 'xmllint' to check XML markup files
[1.924s] -- Configuring done
[1.926s] -- Generating done
[1.927s] -- Build files have been written to: /home/izeyros/chapt7/chapt7_ws/src/build/fishbot_description
[1.938s] Invoked command in '/home/izeyros/chapt7/chapt7_ws/src/build/fishbot_description' returned '0': CMAKE_PREFIX_PATH=/opt/ros/humble /usr/bin/cmake /home/izeyros/chapt7/chapt7_ws/src/fishbot_description -DCMAKE_INSTALL_PREFIX=/home/izeyros/chapt7/chapt7_ws/src/install/fishbot_description
[1.941s] Invoking command in '/home/izeyros/chapt7/chapt7_ws/src/build/fishbot_description': CMAKE_PREFIX_PATH=/opt/ros/humble /usr/bin/cmake --build /home/izeyros/chapt7/chapt7_ws/src/build/fishbot_description -- -j6 -l6
[1.988s] Invoked command in '/home/izeyros/chapt7/chapt7_ws/src/build/fishbot_description' returned '0': CMAKE_PREFIX_PATH=/opt/ros/humble /usr/bin/cmake --build /home/izeyros/chapt7/chapt7_ws/src/build/fishbot_description -- -j6 -l6
[2.013s] Invoking command in '/home/izeyros/chapt7/chapt7_ws/src/build/fishbot_description': CMAKE_PREFIX_PATH=/opt/ros/humble /usr/bin/cmake --install /home/izeyros/chapt7/chapt7_ws/src/build/fishbot_description
[2.016s] -- Install configuration: ""
[2.017s] -- Installing: /home/izeyros/chapt7/chapt7_ws/src/install/fishbot_description/share/fishbot_description/launch
[2.017s] -- Installing: /home/izeyros/chapt7/chapt7_ws/src/install/fishbot_description/share/fishbot_description/launch/display_robot.launch.py
[2.017s] -- Installing: /home/izeyros/chapt7/chapt7_ws/src/install/fishbot_description/share/fishbot_description/launch/gazebo_sim.launch.py
[2.018s] -- Installing: /home/izeyros/chapt7/chapt7_ws/src/install/fishbot_description/share/fishbot_description/urdf
[2.018s] -- Installing: /home/izeyros/chapt7/chapt7_ws/src/install/fishbot_description/share/fishbot_description/urdf/first_robot.urdf.xacro
[2.018s] -- Installing: /home/izeyros/chapt7/chapt7_ws/src/install/fishbot_description/share/fishbot_description/urdf/first_robot.urdf
[2.018s] -- Installing: /home/izeyros/chapt7/chapt7_ws/src/install/fishbot_description/share/fishbot_description/urdf/first_robot.pdf
[2.019s] -- Installing: /home/izeyros/chapt7/chapt7_ws/src/install/fishbot_description/share/fishbot_description/urdf/fishbot
[2.020s] -- Installing: /home/izeyros/chapt7/chapt7_ws/src/install/fishbot_description/share/fishbot_description/urdf/fishbot/base.urdf.xacro
[2.020s] -- Installing: /home/izeyros/chapt7/chapt7_ws/src/install/fishbot_description/share/fishbot_description/urdf/fishbot/common_inertia.xacro
[2.020s] -- Installing: /home/izeyros/chapt7/chapt7_ws/src/install/fishbot_description/share/fishbot_description/urdf/fishbot/fishbot.ros2_control.xacro
[2.022s] -- Installing: /home/izeyros/chapt7/chapt7_ws/src/install/fishbot_description/share/fishbot_description/urdf/fishbot/actuator
[2.022s] -- Installing: /home/izeyros/chapt7/chapt7_ws/src/install/fishbot_description/share/fishbot_description/urdf/fishbot/actuator/wheel.urdf.xacro
[2.022s] -- Installing: /home/izeyros/chapt7/chapt7_ws/src/install/fishbot_description/share/fishbot_description/urdf/fishbot/actuator/caster.urdf.xacro
[2.022s] -- Installing: /home/izeyros/chapt7/chapt7_ws/src/install/fishbot_description/share/fishbot_description/urdf/fishbot/plugins
[2.022s] -- Installing: /home/izeyros/chapt7/chapt7_ws/src/install/fishbot_description/share/fishbot_description/urdf/fishbot/plugins/gazebo_sensor_plugin.xacro
[2.022s] -- Installing: /home/izeyros/chapt7/chapt7_ws/src/install/fishbot_description/share/fishbot_description/urdf/fishbot/plugins/gazebo_control_plugin.xacro
[2.023s] -- Installing: /home/izeyros/chapt7/chapt7_ws/src/install/fishbot_description/share/fishbot_description/urdf/fishbot/sensor
[2.023s] -- Installing: /home/izeyros/chapt7/chapt7_ws/src/install/fishbot_description/share/fishbot_description/urdf/fishbot/sensor/camera.urdf.xacro
[2.023s] -- Installing: /home/izeyros/chapt7/chapt7_ws/src/install/fishbot_description/share/fishbot_description/urdf/fishbot/sensor/laser.urdf.xacro
[2.023s] -- Installing: /home/izeyros/chapt7/chapt7_ws/src/install/fishbot_description/share/fishbot_description/urdf/fishbot/sensor/imu.urdf.xacro
[2.024s] -- Installing: /home/izeyros/chapt7/chapt7_ws/src/install/fishbot_description/share/fishbot_description/urdf/fishbot/fishbot.urdf.xacro
[2.024s] -- Installing: /home/izeyros/chapt7/chapt7_ws/src/install/fishbot_description/share/fishbot_description/urdf/first_robot.gv
[2.024s] -- Installing: /home/izeyros/chapt7/chapt7_ws/src/install/fishbot_description/share/fishbot_description/config
[2.024s] -- Installing: /home/izeyros/chapt7/chapt7_ws/src/install/fishbot_description/share/fishbot_description/config/display_robot_model.rviz
[2.025s] -- Installing: /home/izeyros/chapt7/chapt7_ws/src/install/fishbot_description/share/fishbot_description/config/fishbotodom.rviz
[2.026s] -- Installing: /home/izeyros/chapt7/chapt7_ws/src/install/fishbot_description/share/fishbot_description/config/fishbot_ros2_controller.yaml
[2.026s] -- Installing: /home/izeyros/chapt7/chapt7_ws/src/install/fishbot_description/share/fishbot_description/world
[2.027s] -- Installing: /home/izeyros/chapt7/chapt7_ws/src/install/fishbot_description/share/fishbot_description/world/room1
[2.027s] -- Installing: /home/izeyros/chapt7/chapt7_ws/src/install/fishbot_description/share/fishbot_description/world/room1/model.config
[2.027s] -- Installing: /home/izeyros/chapt7/chapt7_ws/src/install/fishbot_description/share/fishbot_description/world/room1/model.sdf
[2.029s] -- Installing: /home/izeyros/chapt7/chapt7_ws/src/install/fishbot_description/share/fishbot_description/world/room
[2.029s] -- Installing: /home/izeyros/chapt7/chapt7_ws/src/install/fishbot_description/share/fishbot_description/world/room/model.config
[2.029s] -- Installing: /home/izeyros/chapt7/chapt7_ws/src/install/fishbot_description/share/fishbot_description/world/room/model.sdf
[2.029s] -- Installing: /home/izeyros/chapt7/chapt7_ws/src/install/fishbot_description/share/fishbot_description/world/custom_room_one.world
[2.030s] -- Installing: /home/izeyros/chapt7/chapt7_ws/src/install/fishbot_description/share/fishbot_description/world/custom_room.world
[2.032s] -- Installing: /home/izeyros/chapt7/chapt7_ws/src/install/fishbot_description/share/fishbot_description/world/room2
[2.032s] -- Installing: /home/izeyros/chapt7/chapt7_ws/src/install/fishbot_description/share/fishbot_description/world/room2/model.config
[2.032s] -- Installing: /home/izeyros/chapt7/chapt7_ws/src/install/fishbot_description/share/fishbot_description/world/room2/model.sdf
[2.033s] -- Installing: /home/izeyros/chapt7/chapt7_ws/src/install/fishbot_description/share/fishbot_description/world/custom_puzzle.world
[2.040s] -- Installing: /home/izeyros/chapt7/chapt7_ws/src/install/fishbot_description/share/ament_index/resource_index/package_run_dependencies/fishbot_description
[2.040s] -- Installing: /home/izeyros/chapt7/chapt7_ws/src/install/fishbot_description/share/ament_index/resource_index/parent_prefix_path/fishbot_description
[2.041s] -- Installing: /home/izeyros/chapt7/chapt7_ws/src/install/fishbot_description/share/fishbot_description/environment/ament_prefix_path.sh
[2.041s] -- Installing: /home/izeyros/chapt7/chapt7_ws/src/install/fishbot_description/share/fishbot_description/environment/ament_prefix_path.dsv
[2.041s] -- Installing: /home/izeyros/chapt7/chapt7_ws/src/install/fishbot_description/share/fishbot_description/environment/path.sh
[2.042s] -- Installing: /home/izeyros/chapt7/chapt7_ws/src/install/fishbot_description/share/fishbot_description/environment/path.dsv
[2.042s] -- Installing: /home/izeyros/chapt7/chapt7_ws/src/install/fishbot_description/share/fishbot_description/local_setup.bash
[2.042s] -- Installing: /home/izeyros/chapt7/chapt7_ws/src/install/fishbot_description/share/fishbot_description/local_setup.sh
[2.043s] -- Installing: /home/izeyros/chapt7/chapt7_ws/src/install/fishbot_description/share/fishbot_description/local_setup.zsh
[2.043s] -- Installing: /home/izeyros/chapt7/chapt7_ws/src/install/fishbot_description/share/fishbot_description/local_setup.dsv
[2.043s] -- Installing: /home/izeyros/chapt7/chapt7_ws/src/install/fishbot_description/share/fishbot_description/package.dsv
[2.044s] -- Installing: /home/izeyros/chapt7/chapt7_ws/src/install/fishbot_description/share/ament_index/resource_index/packages/fishbot_description
[2.044s] -- Installing: /home/izeyros/chapt7/chapt7_ws/src/install/fishbot_description/share/fishbot_description/cmake/fishbot_descriptionConfig.cmake
[2.044s] -- Installing: /home/izeyros/chapt7/chapt7_ws/src/install/fishbot_description/share/fishbot_description/cmake/fishbot_descriptionConfig-version.cmake
[2.045s] -- Installing: /home/izeyros/chapt7/chapt7_ws/src/install/fishbot_description/share/fishbot_description/package.xml
[2.080s] Invoked command in '/home/izeyros/chapt7/chapt7_ws/src/build/fishbot_description' returned '0': CMAKE_PREFIX_PATH=/opt/ros/humble /usr/bin/cmake --install /home/izeyros/chapt7/chapt7_ws/src/build/fishbot_description
