[0.017s] Invoking command in '/home/izeyros/chapt7/chapt7_ws/src/build/fishbot_navigation2': CMAKE_PREFIX_PATH=/opt/ros/humble /usr/bin/cmake /home/izeyros/chapt7/chapt7_ws/src/fishbot_navigation2 -DCMAKE_INSTALL_PREFIX=/home/izeyros/chapt7/chapt7_ws/src/install/fishbot_navigation2
[0.448s] -- The C compiler identification is GNU 11.4.0
[1.113s] -- The CXX compiler identification is GNU 11.4.0
[1.121s] -- Detecting C compiler ABI info
[1.272s] -- Detecting C compiler ABI info - done
[1.276s] -- Check for working C compiler: /usr/bin/cc - skipped
[1.276s] -- Detecting C compile features
[1.277s] -- Detecting C compile features - done
[1.279s] -- Detecting CXX compiler ABI info
[1.405s] -- Detecting CXX compiler ABI info - done
[1.417s] -- Check for working CXX compiler: /usr/bin/c++ - skipped
[1.417s] -- Detecting CXX compile features
[1.418s] -- Detecting CXX compile features - done
[1.421s] -- Found ament_cmake: 1.3.12 (/opt/ros/humble/share/ament_cmake/cmake)
[1.605s] -- Found Python3: /usr/bin/python3 (found version "3.10.12") found components: Interpreter 
[1.781s] -- Found ament_lint_auto: 0.12.14 (/opt/ros/humble/share/ament_lint_auto/cmake)
[1.889s] -- Added test 'lint_cmake' to check CMake code style
[1.892s] -- Added test 'xmllint' to check XML markup files
[1.898s] -- Configuring done
[1.898s] -- Generating done
[1.900s] -- Build files have been written to: /home/izeyros/chapt7/chapt7_ws/src/build/fishbot_navigation2
[1.907s] Invoked command in '/home/izeyros/chapt7/chapt7_ws/src/build/fishbot_navigation2' returned '0': CMAKE_PREFIX_PATH=/opt/ros/humble /usr/bin/cmake /home/izeyros/chapt7/chapt7_ws/src/fishbot_navigation2 -DCMAKE_INSTALL_PREFIX=/home/izeyros/chapt7/chapt7_ws/src/install/fishbot_navigation2
[1.908s] Invoking command in '/home/izeyros/chapt7/chapt7_ws/src/build/fishbot_navigation2': CMAKE_PREFIX_PATH=/opt/ros/humble /usr/bin/cmake --build /home/izeyros/chapt7/chapt7_ws/src/build/fishbot_navigation2 -- -j6 -l6
[1.987s] Invoked command in '/home/izeyros/chapt7/chapt7_ws/src/build/fishbot_navigation2' returned '0': CMAKE_PREFIX_PATH=/opt/ros/humble /usr/bin/cmake --build /home/izeyros/chapt7/chapt7_ws/src/build/fishbot_navigation2 -- -j6 -l6
[1.988s] Invoking command in '/home/izeyros/chapt7/chapt7_ws/src/build/fishbot_navigation2': CMAKE_PREFIX_PATH=/opt/ros/humble /usr/bin/cmake --install /home/izeyros/chapt7/chapt7_ws/src/build/fishbot_navigation2
[2.001s] -- Install configuration: ""
[2.002s] -- Installing: /home/izeyros/chapt7/chapt7_ws/src/install/fishbot_navigation2/share/ament_index/resource_index/package_run_dependencies/fishbot_navigation2
[2.002s] -- Installing: /home/izeyros/chapt7/chapt7_ws/src/install/fishbot_navigation2/share/ament_index/resource_index/parent_prefix_path/fishbot_navigation2
[2.002s] -- Installing: /home/izeyros/chapt7/chapt7_ws/src/install/fishbot_navigation2/share/fishbot_navigation2/environment/ament_prefix_path.sh
[2.003s] -- Installing: /home/izeyros/chapt7/chapt7_ws/src/install/fishbot_navigation2/share/fishbot_navigation2/environment/ament_prefix_path.dsv
[2.003s] -- Installing: /home/izeyros/chapt7/chapt7_ws/src/install/fishbot_navigation2/share/fishbot_navigation2/environment/path.sh
[2.003s] -- Installing: /home/izeyros/chapt7/chapt7_ws/src/install/fishbot_navigation2/share/fishbot_navigation2/environment/path.dsv
[2.003s] -- Installing: /home/izeyros/chapt7/chapt7_ws/src/install/fishbot_navigation2/share/fishbot_navigation2/local_setup.bash
[2.003s] -- Installing: /home/izeyros/chapt7/chapt7_ws/src/install/fishbot_navigation2/share/fishbot_navigation2/local_setup.sh
[2.003s] -- Installing: /home/izeyros/chapt7/chapt7_ws/src/install/fishbot_navigation2/share/fishbot_navigation2/local_setup.zsh
[2.003s] -- Installing: /home/izeyros/chapt7/chapt7_ws/src/install/fishbot_navigation2/share/fishbot_navigation2/local_setup.dsv
[2.004s] -- Installing: /home/izeyros/chapt7/chapt7_ws/src/install/fishbot_navigation2/share/fishbot_navigation2/package.dsv
[2.004s] -- Installing: /home/izeyros/chapt7/chapt7_ws/src/install/fishbot_navigation2/share/ament_index/resource_index/packages/fishbot_navigation2
[2.005s] -- Installing: /home/izeyros/chapt7/chapt7_ws/src/install/fishbot_navigation2/share/fishbot_navigation2/cmake/fishbot_navigation2Config.cmake
[2.005s] -- Installing: /home/izeyros/chapt7/chapt7_ws/src/install/fishbot_navigation2/share/fishbot_navigation2/cmake/fishbot_navigation2Config-version.cmake
[2.005s] -- Installing: /home/izeyros/chapt7/chapt7_ws/src/install/fishbot_navigation2/share/fishbot_navigation2/package.xml
[2.012s] Invoked command in '/home/izeyros/chapt7/chapt7_ws/src/build/fishbot_navigation2' returned '0': CMAKE_PREFIX_PATH=/opt/ros/humble /usr/bin/cmake --install /home/izeyros/chapt7/chapt7_ws/src/build/fishbot_navigation2
